There is 77.605 Mb in use.
Warning: No model name, version or endpoint specified, trying to connect to PRO server during development will fail.
Postsolve: some variables were outside their bounds. Set option postsolve_continuous_variables equal to 'Round to nearest bound, resolve LP'
and rerun the model to get a feasible solution with all variables inside their bounds.
Postsolve: some variables were outside their bounds. Set option postsolve_continuous_variables equal to 'Round to nearest bound, resolve LP'
and rerun the model to get a feasible solution with all variables inside their bounds.
Execution error.
Unable to get permission for operation "saving data to cases": Unknown error code 104.

Execution error.
Unable to get permission for operation "saving data to cases": Unknown error code 104.

Execution error.
Unable to get permission for operation "saving data to cases": Unknown error code 104.

Execution error.
Unable to get permission for operation "saving data to cases": Unknown error code 104.

Execution error.
Unable to get permission for operation "saving data to cases": Unknown error code 104.

Execution error.
Unable to get permission for operation "saving data to cases": Unknown error code 104.

Execution error.
Unable to get permission for operation "saving data to cases": Unknown error code 104.

Execution error.
Unable to get permission for operation "saving data to cases": Unknown error code 104.

Execution error.
Unable to get permission for operation "saving data to cases": Unknown error code 104.

Execution error.
Unable to get permission for operation "saving data to cases": Unknown error code 104.

Execution error.
Unable to get permission for operation "saving data to cases": Unknown error code 104.

Execution error.
Unable to get permission for operation "saving data to cases": Unknown error code 104.

Execution error.
Unable to get permission for operation "saving data to cases": Unknown error code 104.

Execution error.
Unable to get permission for operation "saving data to cases": Unknown error code 104.

Execution error.
Unable to get permission for operation "saving data to cases": Unknown error code 104.

Execution error.
Unable to get permission for operation "saving data to cases": Unknown error code 104.

Execution error.
Unable to get permission for operation "saving data to cases": Unknown error code 104.

